c:\study\thesis project\qtprojects\animation1\x64\debug\vc140.pdb
c:\study\thesis project\qtprojects\animation1\x64\debug\qrc_qml.nativecodeanalysis.xml
c:\study\thesis project\qtprojects\animation1\x64\debug\qrc_qml.obj
c:\study\thesis project\qtprojects\animation1\x64\debug\main.nativecodeanalysis.xml
c:\study\thesis project\qtprojects\animation1\x64\debug\main.obj
c:\study\thesis project\qtprojects\animation1\generatedfiles\qrc_qml.cpp
c:\study\thesis project\qtprojects\animation1\debug\animation1.ilk
c:\study\thesis project\qtprojects\animation1\debug\animation1.exe
c:\study\thesis project\qtprojects\animation1\debug\animation1.pdb
c:\study\thesis project\qtprojects\animation1\x64\debug\nativecodeanalysis.read.1.tlog
c:\study\thesis project\qtprojects\animation1\x64\debug\vc.nativecodeanalysis.all.xml
c:\study\thesis project\qtprojects\animation1\x64\debug\animation1.tlog\cl.command.1.tlog
c:\study\thesis project\qtprojects\animation1\x64\debug\animation1.tlog\cl.read.1.tlog
c:\study\thesis project\qtprojects\animation1\x64\debug\animation1.tlog\cl.write.1.tlog
c:\study\thesis project\qtprojects\animation1\x64\debug\animation1.tlog\custombuild.command.1.tlog
c:\study\thesis project\qtprojects\animation1\x64\debug\animation1.tlog\custombuild.read.1.tlog
c:\study\thesis project\qtprojects\animation1\x64\debug\animation1.tlog\custombuild.write.1.tlog
c:\study\thesis project\qtprojects\animation1\x64\debug\animation1.tlog\link.command.1.tlog
c:\study\thesis project\qtprojects\animation1\x64\debug\animation1.tlog\link.read.1.tlog
c:\study\thesis project\qtprojects\animation1\x64\debug\animation1.tlog\link.write.1.tlog
